  seti-lab13-vtoroe.cpp
C:\Users\wotbl\source\repos\seti-lab13-vtoroe\seti-lab13-vtoroe\seti-lab13-vtoroe.cpp(4,10): warning C4067: unexpected tokens following preprocessor directive - expected a newline
C:\Users\wotbl\source\repos\seti-lab13-vtoroe\seti-lab13-vtoroe\seti-lab13-vtoroe.cpp(18,13): warning C4566: character represented by universal-character-name '\u041F' cannot be represented in the current code page (1252)
C:\Users\wotbl\source\repos\seti-lab13-vtoroe\seti-lab13-vtoroe\seti-lab13-vtoroe.cpp(18,13): warning C4566: character represented by universal-character-name '\u043E' cannot be represented in the current code page (1252)
C:\Users\wotbl\source\repos\seti-lab13-vtoroe\seti-lab13-vtoroe\seti-lab13-vtoroe.cpp(18,13): warning C4566: character represented by universal-character-name '\u0441' cannot be represented in the current code page (1252)
C:\Users\wotbl\source\repos\seti-lab13-vtoroe\seti-lab13-vtoroe\seti-lab13-vtoroe.cpp(18,13): warning C4566: character represented by universal-character-name '\u043B' cannot be represented in the current code page (1252)
C:\Users\wotbl\source\repos\seti-lab13-vtoroe\seti-lab13-vtoroe\seti-lab13-vtoroe.cpp(18,13): warning C4566: character represented by universal-character-name '\u0435' cannot be represented in the current code page (1252)
C:\Users\wotbl\source\repos\seti-lab13-vtoroe\seti-lab13-vtoroe\seti-lab13-vtoroe.cpp(18,13): warning C4566: character represented by universal-character-name '\u0434' cannot be represented in the current code page (1252)
C:\Users\wotbl\source\repos\seti-lab13-vtoroe\seti-lab13-vtoroe\seti-lab13-vtoroe.cpp(18,13): warning C4566: character represented by universal-character-name '\u043D' cannot be represented in the current code page (1252)
C:\Users\wotbl\source\repos\seti-lab13-vtoroe\seti-lab13-vtoroe\seti-lab13-vtoroe.cpp(18,13): warning C4566: character represented by universal-character-name '\u044F' cannot be represented in the current code page (1252)
C:\Users\wotbl\source\repos\seti-lab13-vtoroe\seti-lab13-vtoroe\seti-lab13-vtoroe.cpp(18,13): warning C4566: character represented by universal-character-name '\u0448' cannot be represented in the current code page (1252)
C:\Users\wotbl\source\repos\seti-lab13-vtoroe\seti-lab13-vtoroe\seti-lab13-vtoroe.cpp(18,13): warning C4566: character represented by universal-character-name '\u0438' cannot be represented in the current code page (1252)
C:\Users\wotbl\source\repos\seti-lab13-vtoroe\seti-lab13-vtoroe\seti-lab13-vtoroe.cpp(18,13): warning C4566: character represented by universal-character-name '\u0431' cannot be represented in the current code page (1252)
C:\Users\wotbl\source\repos\seti-lab13-vtoroe\seti-lab13-vtoroe\seti-lab13-vtoroe.cpp(18,13): warning C4566: character represented by universal-character-name '\u043A' cannot be represented in the current code page (1252)
C:\Users\wotbl\source\repos\seti-lab13-vtoroe\seti-lab13-vtoroe\seti-lab13-vtoroe.cpp(18,13): warning C4566: character represented by universal-character-name '\u0430' cannot be represented in the current code page (1252)
C:\Users\wotbl\source\repos\seti-lab13-vtoroe\seti-lab13-vtoroe\seti-lab13-vtoroe.cpp(19,13): warning C4566: character represented by universal-character-name '\u041D' cannot be represented in the current code page (1252)
C:\Users\wotbl\source\repos\seti-lab13-vtoroe\seti-lab13-vtoroe\seti-lab13-vtoroe.cpp(19,13): warning C4566: character represented by universal-character-name '\u0430' cannot be represented in the current code page (1252)
C:\Users\wotbl\source\repos\seti-lab13-vtoroe\seti-lab13-vtoroe\seti-lab13-vtoroe.cpp(19,13): warning C4566: character represented by universal-character-name '\u0436' cannot be represented in the current code page (1252)
C:\Users\wotbl\source\repos\seti-lab13-vtoroe\seti-lab13-vtoroe\seti-lab13-vtoroe.cpp(19,13): warning C4566: character represented by universal-character-name '\u043C' cannot be represented in the current code page (1252)
C:\Users\wotbl\source\repos\seti-lab13-vtoroe\seti-lab13-vtoroe\seti-lab13-vtoroe.cpp(19,13): warning C4566: character represented by universal-character-name '\u0438' cannot be represented in the current code page (1252)
C:\Users\wotbl\source\repos\seti-lab13-vtoroe\seti-lab13-vtoroe\seti-lab13-vtoroe.cpp(19,13): warning C4566: character represented by universal-character-name '\u0442' cannot be represented in the current code page (1252)
C:\Users\wotbl\source\repos\seti-lab13-vtoroe\seti-lab13-vtoroe\seti-lab13-vtoroe.cpp(19,13): warning C4566: character represented by universal-character-name '\u0435' cannot be represented in the current code page (1252)
C:\Users\wotbl\source\repos\seti-lab13-vtoroe\seti-lab13-vtoroe\seti-lab13-vtoroe.cpp(19,13): warning C4566: character represented by universal-character-name '\u043B' cannot be represented in the current code page (1252)
C:\Users\wotbl\source\repos\seti-lab13-vtoroe\seti-lab13-vtoroe\seti-lab13-vtoroe.cpp(19,13): warning C4566: character represented by universal-character-name '\u044E' cannot be represented in the current code page (1252)
C:\Users\wotbl\source\repos\seti-lab13-vtoroe\seti-lab13-vtoroe\seti-lab13-vtoroe.cpp(19,13): warning C4566: character represented by universal-character-name '\u0431' cannot be represented in the current code page (1252)
C:\Users\wotbl\source\repos\seti-lab13-vtoroe\seti-lab13-vtoroe\seti-lab13-vtoroe.cpp(19,13): warning C4566: character represented by universal-character-name '\u0443' cannot be represented in the current code page (1252)
C:\Users\wotbl\source\repos\seti-lab13-vtoroe\seti-lab13-vtoroe\seti-lab13-vtoroe.cpp(19,13): warning C4566: character represented by universal-character-name '\u043A' cannot be represented in the current code page (1252)
C:\Users\wotbl\source\repos\seti-lab13-vtoroe\seti-lab13-vtoroe\seti-lab13-vtoroe.cpp(19,13): warning C4566: character represented by universal-character-name '\u0432' cannot be represented in the current code page (1252)
C:\Users\wotbl\source\repos\seti-lab13-vtoroe\seti-lab13-vtoroe\seti-lab13-vtoroe.cpp(19,13): warning C4566: character represented by universal-character-name '\u0448' cannot be represented in the current code page (1252)
C:\Users\wotbl\source\repos\seti-lab13-vtoroe\seti-lab13-vtoroe\seti-lab13-vtoroe.cpp(19,13): warning C4566: character represented by universal-character-name '\u0434' cannot be represented in the current code page (1252)
C:\Users\wotbl\source\repos\seti-lab13-vtoroe\seti-lab13-vtoroe\seti-lab13-vtoroe.cpp(19,13): warning C4566: character represented by universal-character-name '\u044F' cannot be represented in the current code page (1252)
C:\Users\wotbl\source\repos\seti-lab13-vtoroe\seti-lab13-vtoroe\seti-lab13-vtoroe.cpp(19,13): warning C4566: character represented by universal-character-name '\u044B' cannot be represented in the current code page (1252)
C:\Users\wotbl\source\repos\seti-lab13-vtoroe\seti-lab13-vtoroe\seti-lab13-vtoroe.cpp(19,13): warning C4566: character represented by universal-character-name '\u0445' cannot be represented in the current code page (1252)
C:\Users\wotbl\source\repos\seti-lab13-vtoroe\seti-lab13-vtoroe\seti-lab13-vtoroe.cpp(19,13): warning C4566: character represented by universal-character-name '\u043E' cannot be represented in the current code page (1252)
C:\Users\wotbl\source\repos\seti-lab13-vtoroe\seti-lab13-vtoroe\seti-lab13-vtoroe.cpp(28,41): warning C4267: '=': conversion from 'size_t' to 'int', possible loss of data
C:\Users\wotbl\source\repos\seti-lab13-vtoroe\seti-lab13-vtoroe\seti-lab13-vtoroe.cpp(46,13): warning C4566: character represented by universal-character-name '\u0412' cannot be represented in the current code page (1252)
C:\Users\wotbl\source\repos\seti-lab13-vtoroe\seti-lab13-vtoroe\seti-lab13-vtoroe.cpp(46,13): warning C4566: character represented by universal-character-name '\u043E' cannot be represented in the current code page (1252)
C:\Users\wotbl\source\repos\seti-lab13-vtoroe\seti-lab13-vtoroe\seti-lab13-vtoroe.cpp(46,13): warning C4566: character represented by universal-character-name '\u0437' cannot be represented in the current code page (1252)
C:\Users\wotbl\source\repos\seti-lab13-vtoroe\seti-lab13-vtoroe\seti-lab13-vtoroe.cpp(46,13): warning C4566: character represented by universal-character-name '\u043C' cannot be represented in the current code page (1252)
C:\Users\wotbl\source\repos\seti-lab13-vtoroe\seti-lab13-vtoroe\seti-lab13-vtoroe.cpp(46,13): warning C4566: character represented by universal-character-name '\u0436' cannot be represented in the current code page (1252)
C:\Users\wotbl\source\repos\seti-lab13-vtoroe\seti-lab13-vtoroe\seti-lab13-vtoroe.cpp(46,13): warning C4566: character represented by universal-character-name '\u043D' cannot be represented in the current code page (1252)
C:\Users\wotbl\source\repos\seti-lab13-vtoroe\seti-lab13-vtoroe\seti-lab13-vtoroe.cpp(46,13): warning C4566: character represented by universal-character-name '\u044B' cannot be represented in the current code page (1252)
C:\Users\wotbl\source\repos\seti-lab13-vtoroe\seti-lab13-vtoroe\seti-lab13-vtoroe.cpp(46,13): warning C4566: character represented by universal-character-name '\u0435' cannot be represented in the current code page (1252)
C:\Users\wotbl\source\repos\seti-lab13-vtoroe\seti-lab13-vtoroe\seti-lab13-vtoroe.cpp(46,13): warning C4566: character represented by universal-character-name '\u0446' cannot be represented in the current code page (1252)
C:\Users\wotbl\source\repos\seti-lab13-vtoroe\seti-lab13-vtoroe\seti-lab13-vtoroe.cpp(46,13): warning C4566: character represented by universal-character-name '\u0432' cannot be represented in the current code page (1252)
C:\Users\wotbl\source\repos\seti-lab13-vtoroe\seti-lab13-vtoroe\seti-lab13-vtoroe.cpp(46,13): warning C4566: character represented by universal-character-name '\u0442' cannot be represented in the current code page (1252)
C:\Users\wotbl\source\repos\seti-lab13-vtoroe\seti-lab13-vtoroe\seti-lab13-vtoroe.cpp(46,13): warning C4566: character represented by universal-character-name '\u0430' cannot be represented in the current code page (1252)
C:\Users\wotbl\source\repos\seti-lab13-vtoroe\seti-lab13-vtoroe\seti-lab13-vtoroe.cpp(47,13): warning C4566: character represented by universal-character-name '\u0447' cannot be represented in the current code page (1252)
C:\Users\wotbl\source\repos\seti-lab13-vtoroe\seti-lab13-vtoroe\seti-lab13-vtoroe.cpp(47,13): warning C4566: character represented by universal-character-name '\u0451' cannot be represented in the current code page (1252)
C:\Users\wotbl\source\repos\seti-lab13-vtoroe\seti-lab13-vtoroe\seti-lab13-vtoroe.cpp(47,13): warning C4566: character represented by universal-character-name '\u0440' cannot be represented in the current code page (1252)
C:\Users\wotbl\source\repos\seti-lab13-vtoroe\seti-lab13-vtoroe\seti-lab13-vtoroe.cpp(47,13): warning C4566: character represented by universal-character-name '\u043D' cannot be represented in the current code page (1252)
C:\Users\wotbl\source\repos\seti-lab13-vtoroe\seti-lab13-vtoroe\seti-lab13-vtoroe.cpp(47,13): warning C4566: character represented by universal-character-name '\u044B' cannot be represented in the current code page (1252)
C:\Users\wotbl\source\repos\seti-lab13-vtoroe\seti-lab13-vtoroe\seti-lab13-vtoroe.cpp(47,13): warning C4566: character represented by universal-character-name '\u0439' cannot be represented in the current code page (1252)
C:\Users\wotbl\source\repos\seti-lab13-vtoroe\seti-lab13-vtoroe\seti-lab13-vtoroe.cpp(47,13): warning C4566: character represented by universal-character-name '\u043A' cannot be represented in the current code page (1252)
C:\Users\wotbl\source\repos\seti-lab13-vtoroe\seti-lab13-vtoroe\seti-lab13-vtoroe.cpp(47,13): warning C4566: character represented by universal-character-name '\u043E' cannot be represented in the current code page (1252)
C:\Users\wotbl\source\repos\seti-lab13-vtoroe\seti-lab13-vtoroe\seti-lab13-vtoroe.cpp(47,13): warning C4566: character represented by universal-character-name '\u0438' cannot be represented in the current code page (1252)
C:\Users\wotbl\source\repos\seti-lab13-vtoroe\seti-lab13-vtoroe\seti-lab13-vtoroe.cpp(47,13): warning C4566: character represented by universal-character-name '\u0435' cannot be represented in the current code page (1252)
C:\Users\wotbl\source\repos\seti-lab13-vtoroe\seti-lab13-vtoroe\seti-lab13-vtoroe.cpp(47,13): warning C4566: character represented by universal-character-name '\u0432' cannot be represented in the current code page (1252)
C:\Users\wotbl\source\repos\seti-lab13-vtoroe\seti-lab13-vtoroe\seti-lab13-vtoroe.cpp(47,13): warning C4566: character represented by universal-character-name '\u0441' cannot be represented in the current code page (1252)
C:\Users\wotbl\source\repos\seti-lab13-vtoroe\seti-lab13-vtoroe\seti-lab13-vtoroe.cpp(47,13): warning C4566: character represented by universal-character-name '\u0442' cannot be represented in the current code page (1252)
C:\Users\wotbl\source\repos\seti-lab13-vtoroe\seti-lab13-vtoroe\seti-lab13-vtoroe.cpp(47,13): warning C4566: character represented by universal-character-name '\u043B' cannot be represented in the current code page (1252)
C:\Users\wotbl\source\repos\seti-lab13-vtoroe\seti-lab13-vtoroe\seti-lab13-vtoroe.cpp(47,13): warning C4566: character represented by universal-character-name '\u0433' cannot be represented in the current code page (1252)
C:\Users\wotbl\source\repos\seti-lab13-vtoroe\seti-lab13-vtoroe\seti-lab13-vtoroe.cpp(47,13): warning C4566: character represented by universal-character-name '\u0443' cannot be represented in the current code page (1252)
C:\Users\wotbl\source\repos\seti-lab13-vtoroe\seti-lab13-vtoroe\seti-lab13-vtoroe.cpp(47,13): warning C4566: character represented by universal-character-name '\u0431' cannot be represented in the current code page (1252)
C:\Users\wotbl\source\repos\seti-lab13-vtoroe\seti-lab13-vtoroe\seti-lab13-vtoroe.cpp(48,12): warning C4566: character represented by universal-character-name '\u0441' cannot be represented in the current code page (1252)
C:\Users\wotbl\source\repos\seti-lab13-vtoroe\seti-lab13-vtoroe\seti-lab13-vtoroe.cpp(48,12): warning C4566: character represented by universal-character-name '\u0438' cannot be represented in the current code page (1252)
C:\Users\wotbl\source\repos\seti-lab13-vtoroe\seti-lab13-vtoroe\seti-lab13-vtoroe.cpp(48,12): warning C4566: character represented by universal-character-name '\u043D' cannot be represented in the current code page (1252)
C:\Users\wotbl\source\repos\seti-lab13-vtoroe\seti-lab13-vtoroe\seti-lab13-vtoroe.cpp(48,12): warning C4566: character represented by universal-character-name '\u0439' cannot be represented in the current code page (1252)
C:\Users\wotbl\source\repos\seti-lab13-vtoroe\seti-lab13-vtoroe\seti-lab13-vtoroe.cpp(48,12): warning C4566: character represented by universal-character-name '\u0432' cannot be represented in the current code page (1252)
C:\Users\wotbl\source\repos\seti-lab13-vtoroe\seti-lab13-vtoroe\seti-lab13-vtoroe.cpp(48,12): warning C4566: character represented by universal-character-name '\u0435' cannot be represented in the current code page (1252)
C:\Users\wotbl\source\repos\seti-lab13-vtoroe\seti-lab13-vtoroe\seti-lab13-vtoroe.cpp(48,12): warning C4566: character represented by universal-character-name '\u0442' cannot be represented in the current code page (1252)
C:\Users\wotbl\source\repos\seti-lab13-vtoroe\seti-lab13-vtoroe\seti-lab13-vtoroe.cpp(48,12): warning C4566: character represented by universal-character-name '\u043B' cannot be represented in the current code page (1252)
C:\Users\wotbl\source\repos\seti-lab13-vtoroe\seti-lab13-vtoroe\seti-lab13-vtoroe.cpp(48,12): warning C4566: character represented by universal-character-name '\u043E' cannot be represented in the current code page (1252)
C:\Users\wotbl\source\repos\seti-lab13-vtoroe\seti-lab13-vtoroe\seti-lab13-vtoroe.cpp(48,12): warning C4566: character represented by universal-character-name '\u0440' cannot be represented in the current code page (1252)
C:\Users\wotbl\source\repos\seti-lab13-vtoroe\seti-lab13-vtoroe\seti-lab13-vtoroe.cpp(48,12): warning C4566: character represented by universal-character-name '\u044B' cannot be represented in the current code page (1252)
C:\Users\wotbl\source\repos\seti-lab13-vtoroe\seti-lab13-vtoroe\seti-lab13-vtoroe.cpp(48,12): warning C4566: character represented by universal-character-name '\u043A' cannot be represented in the current code page (1252)
C:\Users\wotbl\source\repos\seti-lab13-vtoroe\seti-lab13-vtoroe\seti-lab13-vtoroe.cpp(48,12): warning C4566: character represented by universal-character-name '\u0430' cannot be represented in the current code page (1252)
C:\Users\wotbl\source\repos\seti-lab13-vtoroe\seti-lab13-vtoroe\seti-lab13-vtoroe.cpp(49,12): warning C4566: character represented by universal-character-name '\u0437' cannot be represented in the current code page (1252)
C:\Users\wotbl\source\repos\seti-lab13-vtoroe\seti-lab13-vtoroe\seti-lab13-vtoroe.cpp(49,12): warning C4566: character represented by universal-character-name '\u0435' cannot be represented in the current code page (1252)
C:\Users\wotbl\source\repos\seti-lab13-vtoroe\seti-lab13-vtoroe\seti-lab13-vtoroe.cpp(49,12): warning C4566: character represented by universal-character-name '\u043B' cannot be represented in the current code page (1252)
C:\Users\wotbl\source\repos\seti-lab13-vtoroe\seti-lab13-vtoroe\seti-lab13-vtoroe.cpp(49,12): warning C4566: character represented by universal-character-name '\u0451' cannot be represented in the current code page (1252)
C:\Users\wotbl\source\repos\seti-lab13-vtoroe\seti-lab13-vtoroe\seti-lab13-vtoroe.cpp(49,12): warning C4566: character represented by universal-character-name '\u043D' cannot be represented in the current code page (1252)
C:\Users\wotbl\source\repos\seti-lab13-vtoroe\seti-lab13-vtoroe\seti-lab13-vtoroe.cpp(49,12): warning C4566: character represented by universal-character-name '\u044B' cannot be represented in the current code page (1252)
C:\Users\wotbl\source\repos\seti-lab13-vtoroe\seti-lab13-vtoroe\seti-lab13-vtoroe.cpp(49,12): warning C4566: character represented by universal-character-name '\u0439' cannot be represented in the current code page (1252)
C:\Users\wotbl\source\repos\seti-lab13-vtoroe\seti-lab13-vtoroe\seti-lab13-vtoroe.cpp(49,12): warning C4566: character represented by universal-character-name '\u0442' cannot be represented in the current code page (1252)
C:\Users\wotbl\source\repos\seti-lab13-vtoroe\seti-lab13-vtoroe\seti-lab13-vtoroe.cpp(49,12): warning C4566: character represented by universal-character-name '\u043C' cannot be represented in the current code page (1252)
C:\Users\wotbl\source\repos\seti-lab13-vtoroe\seti-lab13-vtoroe\seti-lab13-vtoroe.cpp(49,12): warning C4566: character represented by universal-character-name '\u043E' cannot be represented in the current code page (1252)
C:\Users\wotbl\source\repos\seti-lab13-vtoroe\seti-lab13-vtoroe\seti-lab13-vtoroe.cpp(49,12): warning C4566: character represented by universal-character-name '\u0441' cannot be represented in the current code page (1252)
C:\Users\wotbl\source\repos\seti-lab13-vtoroe\seti-lab13-vtoroe\seti-lab13-vtoroe.cpp(49,12): warning C4566: character represented by universal-character-name '\u0440' cannot be represented in the current code page (1252)
C:\Users\wotbl\source\repos\seti-lab13-vtoroe\seti-lab13-vtoroe\seti-lab13-vtoroe.cpp(49,12): warning C4566: character represented by universal-character-name '\u0432' cannot be represented in the current code page (1252)
C:\Users\wotbl\source\repos\seti-lab13-vtoroe\seti-lab13-vtoroe\seti-lab13-vtoroe.cpp(49,12): warning C4566: character represented by universal-character-name '\u043F' cannot be represented in the current code page (1252)
C:\Users\wotbl\source\repos\seti-lab13-vtoroe\seti-lab13-vtoroe\seti-lab13-vtoroe.cpp(49,12): warning C4566: character represented by universal-character-name '\u0443' cannot be represented in the current code page (1252)
C:\Users\wotbl\source\repos\seti-lab13-vtoroe\seti-lab13-vtoroe\seti-lab13-vtoroe.cpp(50,12): warning C4566: character represented by universal-character-name '\u0433' cannot be represented in the current code page (1252)
C:\Users\wotbl\source\repos\seti-lab13-vtoroe\seti-lab13-vtoroe\seti-lab13-vtoroe.cpp(50,12): warning C4566: character represented by universal-character-name '\u043E' cannot be represented in the current code page (1252)
C:\Users\wotbl\source\repos\seti-lab13-vtoroe\seti-lab13-vtoroe\seti-lab13-vtoroe.cpp(50,12): warning C4566: character represented by universal-character-name '\u043B' cannot be represented in the current code page (1252)
C:\Users\wotbl\source\repos\seti-lab13-vtoroe\seti-lab13-vtoroe\seti-lab13-vtoroe.cpp(50,12): warning C4566: character represented by universal-character-name '\u0443' cannot be represented in the current code page (1252)
C:\Users\wotbl\source\repos\seti-lab13-vtoroe\seti-lab13-vtoroe\seti-lab13-vtoroe.cpp(50,12): warning C4566: character represented by universal-character-name '\u0431' cannot be represented in the current code page (1252)
C:\Users\wotbl\source\repos\seti-lab13-vtoroe\seti-lab13-vtoroe\seti-lab13-vtoroe.cpp(50,12): warning C4566: character represented by universal-character-name '\u0439' cannot be represented in the current code page (1252)
C:\Users\wotbl\source\repos\seti-lab13-vtoroe\seti-lab13-vtoroe\seti-lab13-vtoroe.cpp(50,12): warning C4566: character represented by universal-character-name '\u0441' cannot be represented in the current code page (1252)
C:\Users\wotbl\source\repos\seti-lab13-vtoroe\seti-lab13-vtoroe\seti-lab13-vtoroe.cpp(50,12): warning C4566: character represented by universal-character-name '\u0432' cannot be represented in the current code page (1252)
C:\Users\wotbl\source\repos\seti-lab13-vtoroe\seti-lab13-vtoroe\seti-lab13-vtoroe.cpp(50,12): warning C4566: character represented by universal-character-name '\u0435' cannot be represented in the current code page (1252)
C:\Users\wotbl\source\repos\seti-lab13-vtoroe\seti-lab13-vtoroe\seti-lab13-vtoroe.cpp(50,12): warning C4566: character represented by universal-character-name '\u0442' cannot be represented in the current code page (1252)
C:\Users\wotbl\source\repos\seti-lab13-vtoroe\seti-lab13-vtoroe\seti-lab13-vtoroe.cpp(50,12): warning C4566: character represented by universal-character-name '\u0438' cannot be represented in the current code page (1252)
C:\Users\wotbl\source\repos\seti-lab13-vtoroe\seti-lab13-vtoroe\seti-lab13-vtoroe.cpp(50,12): warning C4566: character represented by universal-character-name '\u043D' cannot be represented in the current code page (1252)
C:\Users\wotbl\source\repos\seti-lab13-vtoroe\seti-lab13-vtoroe\seti-lab13-vtoroe.cpp(50,12): warning C4566: character represented by universal-character-name '\u0436' cannot be represented in the current code page (1252)
C:\Users\wotbl\source\repos\seti-lab13-vtoroe\seti-lab13-vtoroe\seti-lab13-vtoroe.cpp(50,12): warning C4566: character represented by universal-character-name '\u0451' cannot be represented in the current code page (1252)
C:\Users\wotbl\source\repos\seti-lab13-vtoroe\seti-lab13-vtoroe\seti-lab13-vtoroe.cpp(50,12): warning C4566: character represented by universal-character-name '\u044B' cannot be represented in the current code page (1252)
C:\Users\wotbl\source\repos\seti-lab13-vtoroe\seti-lab13-vtoroe\seti-lab13-vtoroe.cpp(51,12): warning C4566: character represented by universal-character-name '\u043A' cannot be represented in the current code page (1252)
C:\Users\wotbl\source\repos\seti-lab13-vtoroe\seti-lab13-vtoroe\seti-lab13-vtoroe.cpp(51,12): warning C4566: character represented by universal-character-name '\u0440' cannot be represented in the current code page (1252)
C:\Users\wotbl\source\repos\seti-lab13-vtoroe\seti-lab13-vtoroe\seti-lab13-vtoroe.cpp(51,12): warning C4566: character represented by universal-character-name '\u0430' cannot be represented in the current code page (1252)
C:\Users\wotbl\source\repos\seti-lab13-vtoroe\seti-lab13-vtoroe\seti-lab13-vtoroe.cpp(51,12): warning C4566: character represented by universal-character-name '\u0441' cannot be represented in the current code page (1252)
C:\Users\wotbl\source\repos\seti-lab13-vtoroe\seti-lab13-vtoroe\seti-lab13-vtoroe.cpp(51,12): warning C4566: character represented by universal-character-name '\u043D' cannot be represented in the current code page (1252)
C:\Users\wotbl\source\repos\seti-lab13-vtoroe\seti-lab13-vtoroe\seti-lab13-vtoroe.cpp(51,12): warning C4566: character represented by universal-character-name '\u044B' cannot be represented in the current code page (1252)
C:\Users\wotbl\source\repos\seti-lab13-vtoroe\seti-lab13-vtoroe\seti-lab13-vtoroe.cpp(51,12): warning C4566: character represented by universal-character-name '\u0439' cannot be represented in the current code page (1252)
C:\Users\wotbl\source\repos\seti-lab13-vtoroe\seti-lab13-vtoroe\seti-lab13-vtoroe.cpp(51,12): warning C4566: character represented by universal-character-name '\u0432' cannot be represented in the current code page (1252)
C:\Users\wotbl\source\repos\seti-lab13-vtoroe\seti-lab13-vtoroe\seti-lab13-vtoroe.cpp(51,12): warning C4566: character represented by universal-character-name '\u0435' cannot be represented in the current code page (1252)
C:\Users\wotbl\source\repos\seti-lab13-vtoroe\seti-lab13-vtoroe\seti-lab13-vtoroe.cpp(51,12): warning C4566: character represented by universal-character-name '\u0442' cannot be represented in the current code page (1252)
C:\Users\wotbl\source\repos\seti-lab13-vtoroe\seti-lab13-vtoroe\seti-lab13-vtoroe.cpp(51,12): warning C4566: character represented by universal-character-name '\u043B' cannot be represented in the current code page (1252)
C:\Users\wotbl\source\repos\seti-lab13-vtoroe\seti-lab13-vtoroe\seti-lab13-vtoroe.cpp(51,12): warning C4566: character represented by universal-character-name '\u043E' cannot be represented in the current code page (1252)
C:\Users\wotbl\source\repos\seti-lab13-vtoroe\seti-lab13-vtoroe\seti-lab13-vtoroe.cpp(51,12): warning C4566: character represented by universal-character-name '\u0437' cannot be represented in the current code page (1252)
C:\Users\wotbl\source\repos\seti-lab13-vtoroe\seti-lab13-vtoroe\seti-lab13-vtoroe.cpp(51,12): warning C4566: character represented by universal-character-name '\u0451' cannot be represented in the current code page (1252)
C:\Users\wotbl\source\repos\seti-lab13-vtoroe\seti-lab13-vtoroe\seti-lab13-vtoroe.cpp(51,12): warning C4566: character represented by universal-character-name '\u0431' cannot be represented in the current code page (1252)
C:\Users\wotbl\source\repos\seti-lab13-vtoroe\seti-lab13-vtoroe\seti-lab13-vtoroe.cpp(52,12): warning C4566: character represented by universal-character-name '\u043F' cannot be represented in the current code page (1252)
C:\Users\wotbl\source\repos\seti-lab13-vtoroe\seti-lab13-vtoroe\seti-lab13-vtoroe.cpp(52,12): warning C4566: character represented by universal-character-name '\u0443' cannot be represented in the current code page (1252)
C:\Users\wotbl\source\repos\seti-lab13-vtoroe\seti-lab13-vtoroe\seti-lab13-vtoroe.cpp(52,12): warning C4566: character represented by universal-character-name '\u0440' cannot be represented in the current code page (1252)
C:\Users\wotbl\source\repos\seti-lab13-vtoroe\seti-lab13-vtoroe\seti-lab13-vtoroe.cpp(52,12): warning C4566: character represented by universal-character-name '\u043D' cannot be represented in the current code page (1252)
C:\Users\wotbl\source\repos\seti-lab13-vtoroe\seti-lab13-vtoroe\seti-lab13-vtoroe.cpp(52,12): warning C4566: character represented by universal-character-name '\u044B' cannot be represented in the current code page (1252)
C:\Users\wotbl\source\repos\seti-lab13-vtoroe\seti-lab13-vtoroe\seti-lab13-vtoroe.cpp(52,12): warning C4566: character represented by universal-character-name '\u0439' cannot be represented in the current code page (1252)
  seti-lab13-vtoroe.vcxproj -> C:\Users\wotbl\source\repos\seti-lab13-vtoroe\x64\Debug\seti-lab13-vtoroe.exe
